CoolGame/android/app/build/intermediates/manifest_merge_blame_file/release/manifest-merger-blame-release-report.txt
1<?xml version="1.0" encoding="utf-8"?>
2<manifest xmlns:android="http://schemas.android.com/apk/res/android"
3    package="com.MarcosGutierrez.EpicFeint"
4    android:versionCode="2"
5    android:versionName="2.0" >
6
7    <uses-sdk
7-->src\main\AndroidManifest.xml:3:5-46
8        android:minSdkVersion="17"
8-->src\main\AndroidManifest.xml:3:5-46
9        android:targetSdkVersion="29" />
9-->src\main\AndroidManifest.xml:3:15-44
10
11    <uses-permission android:name="android.permission.WAKE_LOCK" />
11-->src\main\AndroidManifest.xml:12:5-67
11-->src\main\AndroidManifest.xml:12:22-65
12
13    <application
13-->src\main\AndroidManifest.xml:4:5-11:19
14        android:appComponentFactory="android.support.v4.app.CoreComponentFactory"
14-->[com.android.support:support-compat:28.0.0] AndroidManifest.xml:22:18-91
15        android:icon="@drawable/icon"
15-->src\main\AndroidManifest.xml:4:18-47
16        android:label="Epic Feint" >
16-->src\main\AndroidManifest.xml:4:48-74
17        <activity
17-->src\main\AndroidManifest.xml:5:9-10:20
18            android:name="com.MarcosGutierrez.EpicFeint.MainActivity"
18-->src\main\AndroidManifest.xml:5:19-47
19            android:theme="@style/Theme.AppCompat.Light.NoActionBar.FullScreen" >
19-->src\main\AndroidManifest.xml:5:48-115
20            <intent-filter>
20-->src\main\AndroidManifest.xml:6:13-9:29
21                <action android:name="android.intent.action.MAIN" />
21-->src\main\AndroidManifest.xml:7:17-68
21-->src\main\AndroidManifest.xml:7:25-66
22
23                <category android:name="android.intent.category.LAUNCHER" />
23-->src\main\AndroidManifest.xml:8:17-76
23-->src\main\AndroidManifest.xml:8:27-74
24            </intent-filter>
25        </activity>
26
27        <uses-library
27-->[com.google.android.support:wearable:2.1.0] AndroidManifest.xml:10:9-12:40
28            android:name="com.google.android.wearable"
28-->[com.google.android.support:wearable:2.1.0] AndroidManifest.xml:11:13-55
29            android:required="false" />
29-->[com.google.android.support:wearable:2.1.0] AndroidManifest.xml:12:13-37
30
31        <meta-data
31-->[com.android.support:support-v4:26.0.2] AndroidManifest.xml:26:9-28:38
32            android:name="android.support.VERSION"
32-->[com.android.support:support-v4:26.0.2] AndroidManifest.xml:27:13-51
33            android:value="26.0.2" />
33-->[com.android.support:support-v4:26.0.2] AndroidManifest.xml:28:13-35
34    </application>
35
36</manifest>